Using pre-set license
Built from '2020.3/release' branch; Version is '2020.3.12f1 (b3b2c6512326) revision 11776710'; Using compiler version '192528614'; Build Type 'Release'
OS: 'Windows 10 Home Single Language; OS build 22000.318; Version 2009; 64bit' Language: 'en' Physical Memory: 8070 MB
BatchMode: 1, IsHumanControllingUs: 0, StartBugReporterOnCrash: 0, Is64bit: 1, IsPro: 0

 COMMAND LINE ARGUMENTS:
C:\Program Files\Unity\Hub\Editor\2020.3.12f1\Editor\Unity.exe
-adb2
-batchMode
-noUpm
-name
AssetImportWorker2
-projectPath
E:/Project/coba/Icip-Martabak
-logFile
Logs/AssetImportWorker2.log
-srvPort
64682
Successfully changed project path to: E:/Project/coba/Icip-Martabak
E:/Project/coba/Icip-Martabak
Using Asset Import Pipeline V2.
Refreshing native plugins compatible for Editor in 77.06 ms, found 3 plugins.
Preloading 0 native plugins for Editor in 0.00 ms.
Initialize engine version: 2020.3.12f1 (b3b2c6512326)
[Subsystems] Discovering subsystems at path C:/Program Files/Unity/Hub/Editor/2020.3.12f1/Editor/Data/Resources/UnitySubsystems
[Subsystems] Discovering subsystems at path E:/Project/coba/Icip-Martabak/Assets
GfxDevice: creating device client; threaded=0
Direct3D:
    Version:  Direct3D 11.0 [level 11.1]
    Renderer: NVIDIA GeForce GTX 1050 (ID=0x1c8d)
    Vendor:   
    VRAM:     4021 MB
    Driver:   30.0.14.7212
Shader 'Universal Render Pipeline/Particles/Lit': fallback shader 'Universal Render Pipeline/Particles/SimpleLit' not found
Initialize mono
Mono path[0] = 'C:/Program Files/Unity/Hub/Editor/2020.3.12f1/Editor/Data/Managed'
Mono path[1] = 'C:/Program Files/Unity/Hub/Editor/2020.3.12f1/Editor/Data/MonoBleedingEdge/lib/mono/unityjit'
Mono config path = 'C:/Program Files/Unity/Hub/Editor/2020.3.12f1/Editor/Data/MonoBleedingEdge/etc'
Using monoOptions --debugger-agent=transport=dt_socket,embedding=1,server=y,suspend=n,address=127.0.0.1:56832
Begin MonoManager ReloadAssembly
Registering precompiled unity dll's ...
Register platform support module: C:/Program Files/Unity/Hub/Editor/2020.3.12f1/Editor/Data/PlaybackEngines/WindowsStandaloneSupport/UnityEditor.WindowsStandalone.Extensions.dll
Registered in 0.001337 seconds.
Native extension for WindowsStandalone target not found
Refreshing native plugins compatible for Editor in 74.74 ms, found 3 plugins.
Preloading 0 native plugins for Editor in 0.00 ms.
Mono: successfully reloaded assembly
- Completed reload, in  1.895 seconds
Platform modules already initialized, skipping
Registering precompiled user dll's ...
Registered in 0.003497 seconds.
Begin MonoManager ReloadAssembly
Native extension for WindowsStandalone target not found
Refreshing native plugins compatible for Editor in 76.47 ms, found 3 plugins.
Preloading 0 native plugins for Editor in 0.00 ms.
Mono: successfully reloaded assembly
- Completed reload, in  1.581 seconds
Platform modules already initialized, skipping
========================================================================
Worker process is ready to serve import requests
Shader 'Universal Render Pipeline/Particles/Lit': fallback shader 'Universal Render Pipeline/Particles/SimpleLit' not found
Launched and connected shader compiler UnityShaderCompiler.exe after 0.10 seconds
Refreshing native plugins compatible for Editor in 0.67 ms, found 3 plugins.
Preloading 0 native plugins for Editor in 0.00 ms.
Unloading 3262 Unused Serialized files (Serialized files now loaded: 0)
System memory in use before: 141.9 MB.
System memory in use after: 142.1 MB.

Unloading 29 unused Assets to reduce memory usage. Loaded Objects now: 3704.
Total: 3.096800 ms (FindLiveObjects: 0.333100 ms CreateObjectMapping: 0.135300 ms MarkObjects: 2.552800 ms  DeleteObjects: 0.074600 ms)

AssetImportParameters requested are different than current active one (requested -> active):
  custom:framework-win-MediaFoundation: 216162199b28c13a410421893ffa2e32 -> 
  custom:video-decoder-ogg-theora: a1e56fd34408186e4bbccfd4996cb3dc -> 
  custom:container-muxer-webm: aa71ff27fc2769a1b78a27578f13a17b -> 
  custom:container-demuxer-webm: 4f35f7cbe854078d1ac9338744f61a02 -> 
  custom:container-demuxer-ogg: 62fdf1f143b41e24485cea50d1cbac27 -> 
  custom:video-encoder-webm-vp8: eb34c28f22e8b96e1ab97ce403110664 -> 
  custom:video-decoder-webm-vp8: 9c59270c3fd7afecdb556c50c9e8de78 -> 
  custom:audio-decoder-ogg-vorbis: bf7c407c2cedff20999df2af8eb42d56 -> 
  custom:audio-encoder-webm-vorbis: bf7c407c2cedff20999df2af8eb42d56 -> 
========================================================================
Received Import Request.
  path: Assets/Animations/gerakKiri 1.anim
  artifactKey: Guid(9d5de6a14ba7de544af813e03a67112c) Importer(815301076,1909f56bfc062723c751e8b465ee728b)
Start importing Assets/Animations/gerakKiri 1.anim using Guid(9d5de6a14ba7de544af813e03a67112c) Importer(815301076,1909f56bfc062723c751e8b465ee728b)  -> (artifact id: '1f1bb806b97b7abd3a23c6d3ca407327') in 0.064990 seconds 
  Import took 0.125955 seconds .

========================================================================
Received Prepare
Registering precompiled user dll's ...
Registered in 0.003471 seconds.
Begin MonoManager ReloadAssembly
Native extension for WindowsStandalone target not found
Refreshing native plugins compatible for Editor in 0.67 ms, found 3 plugins.
Preloading 0 native plugins for Editor in 0.00 ms.
Mono: successfully reloaded assembly
- Completed reload, in  1.356 seconds
Platform modules already initialized, skipping
Shader 'Universal Render Pipeline/Particles/Lit': fallback shader 'Universal Render Pipeline/Particles/SimpleLit' not found
Refreshing native plugins compatible for Editor in 0.75 ms, found 3 plugins.
Preloading 0 native plugins for Editor in 0.00 ms.
Unloading 3150 Unused Serialized files (Serialized files now loaded: 0)
System memory in use before: 134.6 MB.
System memory in use after: 134.8 MB.

Unloading 18 unused Assets to reduce memory usage. Loaded Objects now: 3707.
Total: 3.323200 ms (FindLiveObjects: 0.318400 ms CreateObjectMapping: 0.217300 ms MarkObjects: 2.735300 ms  DeleteObjects: 0.051100 ms)

AssetImportParameters requested are different than current active one (requested -> active):
  custom:framework-win-MediaFoundation: 216162199b28c13a410421893ffa2e32 -> 
  custom:video-decoder-ogg-theora: a1e56fd34408186e4bbccfd4996cb3dc -> 
  custom:container-muxer-webm: aa71ff27fc2769a1b78a27578f13a17b -> 
  custom:container-demuxer-webm: 4f35f7cbe854078d1ac9338744f61a02 -> 
  custom:container-demuxer-ogg: 62fdf1f143b41e24485cea50d1cbac27 -> 
  custom:video-encoder-webm-vp8: eb34c28f22e8b96e1ab97ce403110664 -> 
  custom:video-decoder-webm-vp8: 9c59270c3fd7afecdb556c50c9e8de78 -> 
  custom:audio-decoder-ogg-vorbis: bf7c407c2cedff20999df2af8eb42d56 -> 
  custom:audio-encoder-webm-vorbis: bf7c407c2cedff20999df2af8eb42d56 -> 
========================================================================
Received Prepare
Registering precompiled user dll's ...
Registered in 0.005081 seconds.
Begin MonoManager ReloadAssembly
Native extension for WindowsStandalone target not found
Refreshing native plugins compatible for Editor in 1.00 ms, found 3 plugins.
Preloading 0 native plugins for Editor in 0.00 ms.
Mono: successfully reloaded assembly
- Completed reload, in  1.649 seconds
Platform modules already initialized, skipping
Shader 'Universal Render Pipeline/Particles/Lit': fallback shader 'Universal Render Pipeline/Particles/SimpleLit' not found
Refreshing native plugins compatible for Editor in 0.73 ms, found 3 plugins.
Preloading 0 native plugins for Editor in 0.00 ms.
Unloading 3150 Unused Serialized files (Serialized files now loaded: 0)
System memory in use before: 134.6 MB.
System memory in use after: 134.9 MB.

Unloading 18 unused Assets to reduce memory usage. Loaded Objects now: 3710.
Total: 2.980700 ms (FindLiveObjects: 0.308100 ms CreateObjectMapping: 0.194600 ms MarkObjects: 2.443800 ms  DeleteObjects: 0.032800 ms)

AssetImportParameters requested are different than current active one (requested -> active):
  custom:framework-win-MediaFoundation: 216162199b28c13a410421893ffa2e32 -> 
  custom:video-decoder-ogg-theora: a1e56fd34408186e4bbccfd4996cb3dc -> 
  custom:container-muxer-webm: aa71ff27fc2769a1b78a27578f13a17b -> 
  custom:container-demuxer-webm: 4f35f7cbe854078d1ac9338744f61a02 -> 
  custom:container-demuxer-ogg: 62fdf1f143b41e24485cea50d1cbac27 -> 
  custom:video-encoder-webm-vp8: eb34c28f22e8b96e1ab97ce403110664 -> 
  custom:video-decoder-webm-vp8: 9c59270c3fd7afecdb556c50c9e8de78 -> 
  custom:audio-decoder-ogg-vorbis: bf7c407c2cedff20999df2af8eb42d56 -> 
  custom:audio-encoder-webm-vorbis: bf7c407c2cedff20999df2af8eb42d56 -> 
========================================================================
Received Prepare
Registering precompiled user dll's ...
Registered in 0.003267 seconds.
Begin MonoManager ReloadAssembly
Native extension for WindowsStandalone target not found
Refreshing native plugins compatible for Editor in 0.88 ms, found 3 plugins.
Preloading 0 native plugins for Editor in 0.00 ms.
Mono: successfully reloaded assembly
- Completed reload, in  1.278 seconds
Platform modules already initialized, skipping
Shader 'Universal Render Pipeline/Particles/Lit': fallback shader 'Universal Render Pipeline/Particles/SimpleLit' not found
Refreshing native plugins compatible for Editor in 0.70 ms, found 3 plugins.
Preloading 0 native plugins for Editor in 0.00 ms.
Unloading 3150 Unused Serialized files (Serialized files now loaded: 0)
System memory in use before: 134.7 MB.
System memory in use after: 134.9 MB.

Unloading 18 unused Assets to reduce memory usage. Loaded Objects now: 3713.
Total: 3.144700 ms (FindLiveObjects: 0.349400 ms CreateObjectMapping: 0.143100 ms MarkObjects: 2.632100 ms  DeleteObjects: 0.019200 ms)

AssetImportParameters requested are different than current active one (requested -> active):
  custom:framework-win-MediaFoundation: 216162199b28c13a410421893ffa2e32 -> 
  custom:video-decoder-ogg-theora: a1e56fd34408186e4bbccfd4996cb3dc -> 
  custom:container-muxer-webm: aa71ff27fc2769a1b78a27578f13a17b -> 
  custom:container-demuxer-webm: 4f35f7cbe854078d1ac9338744f61a02 -> 
  custom:container-demuxer-ogg: 62fdf1f143b41e24485cea50d1cbac27 -> 
  custom:video-encoder-webm-vp8: eb34c28f22e8b96e1ab97ce403110664 -> 
  custom:video-decoder-webm-vp8: 9c59270c3fd7afecdb556c50c9e8de78 -> 
  custom:audio-decoder-ogg-vorbis: bf7c407c2cedff20999df2af8eb42d56 -> 
  custom:audio-encoder-webm-vorbis: bf7c407c2cedff20999df2af8eb42d56 -> 
========================================================================
Received Prepare
Registering precompiled user dll's ...
Registered in 0.004673 seconds.
Begin MonoManager ReloadAssembly
Native extension for WindowsStandalone target not found
Refreshing native plugins compatible for Editor in 0.83 ms, found 3 plugins.
Preloading 0 native plugins for Editor in 0.00 ms.
Mono: successfully reloaded assembly
- Completed reload, in  1.492 seconds
Platform modules already initialized, skipping
Shader 'Universal Render Pipeline/Particles/Lit': fallback shader 'Universal Render Pipeline/Particles/SimpleLit' not found
Refreshing native plugins compatible for Editor in 0.75 ms, found 3 plugins.
Preloading 0 native plugins for Editor in 0.00 ms.
Unloading 3150 Unused Serialized files (Serialized files now loaded: 0)
System memory in use before: 134.7 MB.
System memory in use after: 134.9 MB.

Unloading 18 unused Assets to reduce memory usage. Loaded Objects now: 3716.
Total: 3.052200 ms (FindLiveObjects: 0.444200 ms CreateObjectMapping: 0.179000 ms MarkObjects: 2.408700 ms  DeleteObjects: 0.019300 ms)

AssetImportParameters requested are different than current active one (requested -> active):
  custom:framework-win-MediaFoundation: 216162199b28c13a410421893ffa2e32 -> 
  custom:video-decoder-ogg-theora: a1e56fd34408186e4bbccfd4996cb3dc -> 
  custom:container-muxer-webm: aa71ff27fc2769a1b78a27578f13a17b -> 
  custom:container-demuxer-webm: 4f35f7cbe854078d1ac9338744f61a02 -> 
  custom:container-demuxer-ogg: 62fdf1f143b41e24485cea50d1cbac27 -> 
  custom:video-encoder-webm-vp8: eb34c28f22e8b96e1ab97ce403110664 -> 
  custom:video-decoder-webm-vp8: 9c59270c3fd7afecdb556c50c9e8de78 -> 
  custom:audio-decoder-ogg-vorbis: bf7c407c2cedff20999df2af8eb42d56 -> 
  custom:audio-encoder-webm-vorbis: bf7c407c2cedff20999df2af8eb42d56 -> 
========================================================================
Received Import Request.
  Time since last request: 629.959502 seconds.
  path: Assets/Prefabs/BG Mobil.prefab
  artifactKey: Guid(4d00fbcb9db8d4249beffddf6ea1f63a) Importer(815301076,1909f56bfc062723c751e8b465ee728b)
Start importing Assets/Prefabs/BG Mobil.prefab using Guid(4d00fbcb9db8d4249beffddf6ea1f63a) Importer(815301076,1909f56bfc062723c751e8b465ee728b)  -> (artifact id: '4398222b874a7167f675deeff2267763') in 0.425748 seconds 
  Import took 0.467968 seconds .

========================================================================
Received Import Request.
  Time since last request: 1.539212 seconds.
  path: Assets/Prefabs/BG Mobil (1).prefab
  artifactKey: Guid(fd911c1970fd4284399a152b56214984) Importer(815301076,1909f56bfc062723c751e8b465ee728b)
Start importing Assets/Prefabs/BG Mobil (1).prefab using Guid(fd911c1970fd4284399a152b56214984) Importer(815301076,1909f56bfc062723c751e8b465ee728b)  -> (artifact id: '77276f8af87e25f399da958901d106f5') in 0.070465 seconds 
  Import took 0.078619 seconds .

========================================================================
Received Import Request.
  Time since last request: 0.004060 seconds.
  path: Assets/Prefabs/BG Mobil (1).prefab
  artifactKey: Guid(fd911c1970fd4284399a152b56214984) Importer(815301076,1909f56bfc062723c751e8b465ee728b)
Start importing Assets/Prefabs/BG Mobil (1).prefab using Guid(fd911c1970fd4284399a152b56214984) Importer(815301076,1909f56bfc062723c751e8b465ee728b)  -> (artifact id: '77276f8af87e25f399da958901d106f5') in 0.047681 seconds 
  Import took 0.065656 seconds .

========================================================================
Received Import Request.
  Time since last request: 1.722175 seconds.
  path: Assets/Prefabs/BG Mobil (2).prefab
  artifactKey: Guid(66d6c59c713f5e7429e7cd09b06b1774) Importer(815301076,1909f56bfc062723c751e8b465ee728b)
Start importing Assets/Prefabs/BG Mobil (2).prefab using Guid(66d6c59c713f5e7429e7cd09b06b1774) Importer(815301076,1909f56bfc062723c751e8b465ee728b)  -> (artifact id: '0d1ac5a05238ed45a6a86c2c94243d15') in 0.072495 seconds 
  Import took 0.098181 seconds .

========================================================================
Received Import Request.
  Time since last request: 0.017093 seconds.
  path: Assets/Prefabs/BG Mobil (2).prefab
  artifactKey: Guid(66d6c59c713f5e7429e7cd09b06b1774) Importer(815301076,1909f56bfc062723c751e8b465ee728b)
Start importing Assets/Prefabs/BG Mobil (2).prefab using Guid(66d6c59c713f5e7429e7cd09b06b1774) Importer(815301076,1909f56bfc062723c751e8b465ee728b)  -> (artifact id: '0d1ac5a05238ed45a6a86c2c94243d15') in 0.021899 seconds 
  Import took 0.054260 seconds .

========================================================================
Received Import Request.
  Time since last request: 1.738792 seconds.
  path: Assets/Prefabs/BG Mobil (3).prefab
  artifactKey: Guid(e4807640d4ef0634c8bc17d76a75dfa3) Importer(815301076,1909f56bfc062723c751e8b465ee728b)
Start importing Assets/Prefabs/BG Mobil (3).prefab using Guid(e4807640d4ef0634c8bc17d76a75dfa3) Importer(815301076,1909f56bfc062723c751e8b465ee728b)  -> (artifact id: 'c808194c4234c7a86863e95aaa961127') in 0.074492 seconds 
  Import took 0.111693 seconds .

========================================================================
Received Import Request.
  Time since last request: 131.010604 seconds.
  path: Assets/Scenes/Level2.unity
  artifactKey: Guid(670599e7cf7bc8843be99bf375002aaf) Importer(815301076,1909f56bfc062723c751e8b465ee728b)
Start importing Assets/Scenes/Level2.unity using Guid(670599e7cf7bc8843be99bf375002aaf) Importer(815301076,1909f56bfc062723c751e8b465ee728b)  -> (artifact id: 'edb37882238737c5cf05f598d3918bab') in 0.133545 seconds 
  Import took 0.201861 seconds .

========================================================================
Received Import Request.
  Time since last request: 350.785240 seconds.
  path: Assets/Prefabs/Terang Bulan/Coklat.prefab
  artifactKey: Guid(dba6a3dc20750644a9f0140ba0a3b70b) Importer(815301076,1909f56bfc062723c751e8b465ee728b)
Start importing Assets/Prefabs/Terang Bulan/Coklat.prefab using Guid(dba6a3dc20750644a9f0140ba0a3b70b) Importer(815301076,1909f56bfc062723c751e8b465ee728b)  -> (artifact id: 'c252c30cb9610ae2f317580008295d0d') in 0.246709 seconds 
  Import took 0.323915 seconds .

========================================================================
Received Import Request.
  Time since last request: 0.000321 seconds.
  path: Assets/Prefabs/Terang Bulan/Keju.prefab
  artifactKey: Guid(a6cabbead4a812d439ce116679788a2e) Importer(815301076,1909f56bfc062723c751e8b465ee728b)
Start importing Assets/Prefabs/Terang Bulan/Keju.prefab using Guid(a6cabbead4a812d439ce116679788a2e) Importer(815301076,1909f56bfc062723c751e8b465ee728b)  -> (artifact id: '8abef8c8d43262e5500c450582b270e4') in 0.041813 seconds 
  Import took 0.074625 seconds .

========================================================================
Received Import Request.
  Time since last request: 0.000336 seconds.
  path: Assets/Prefabs/Terang Bulan/Spesial.prefab
  artifactKey: Guid(c002a2227c8b58d418282a189539dabb) Importer(815301076,1909f56bfc062723c751e8b465ee728b)
Start importing Assets/Prefabs/Terang Bulan/Spesial.prefab using Guid(c002a2227c8b58d418282a189539dabb) Importer(815301076,1909f56bfc062723c751e8b465ee728b)  -> (artifact id: '191d12c397f371ffe9c5afb8bb8bc9da') in 0.039301 seconds 
  Import took 0.066916 seconds .

========================================================================
Received Import Request.
  Time since last request: 0.000212 seconds.
  path: Assets/Prefabs/Terang Bulan/Kacang.prefab
  artifactKey: Guid(ca40a5ceb9c40c14fb98c9d775327785) Importer(815301076,1909f56bfc062723c751e8b465ee728b)
Start importing Assets/Prefabs/Terang Bulan/Kacang.prefab using Guid(ca40a5ceb9c40c14fb98c9d775327785) Importer(815301076,1909f56bfc062723c751e8b465ee728b)  -> (artifact id: '288287b2c4726bd5e36d3ee6cb365928') in 0.040253 seconds 
  Import took 0.069946 seconds .

========================================================================
Received Import Request.
  Time since last request: 0.000265 seconds.
  path: Assets/Prefabs/Terang Bulan/Coklat Kacang.prefab
  artifactKey: Guid(389508a76b162c34fafc8a734f4b528c) Importer(815301076,1909f56bfc062723c751e8b465ee728b)
Start importing Assets/Prefabs/Terang Bulan/Coklat Kacang.prefab using Guid(389508a76b162c34fafc8a734f4b528c) Importer(815301076,1909f56bfc062723c751e8b465ee728b)  -> (artifact id: '73118c6a859b0bdf3e890779df008bc9') in 0.035583 seconds 
  Import took 0.069380 seconds .

========================================================================
Received Import Request.
  Time since last request: 0.000249 seconds.
  path: Assets/Prefabs/Terang Bulan/Kacang Keju.prefab
  artifactKey: Guid(377b7995acb652143bf681a7d480757f) Importer(815301076,1909f56bfc062723c751e8b465ee728b)
Start importing Assets/Prefabs/Terang Bulan/Kacang Keju.prefab using Guid(377b7995acb652143bf681a7d480757f) Importer(815301076,1909f56bfc062723c751e8b465ee728b)  -> (artifact id: '0f08a5485172ba124ee35a46e51bdd28') in 0.036630 seconds 
  Import took 0.057822 seconds .

========================================================================
Received Import Request.
  Time since last request: 0.000403 seconds.
  path: Assets/Prefabs/Terang Bulan/Coklat Keju.prefab
  artifactKey: Guid(a3dcb951a70fbb943b32338e7fb238f8) Importer(815301076,1909f56bfc062723c751e8b465ee728b)
Start importing Assets/Prefabs/Terang Bulan/Coklat Keju.prefab using Guid(a3dcb951a70fbb943b32338e7fb238f8) Importer(815301076,1909f56bfc062723c751e8b465ee728b)  -> (artifact id: 'dfd4c426ecc57b519568029b9549f58b') in 0.036313 seconds 
  Import took 0.077643 seconds .

========================================================================
Received Import Request.
  Time since last request: 53.200209 seconds.
  path: Assets/Scenes/GameScene.unity
  artifactKey: Guid(2cda990e2423bbf4892e6590ba056729) Importer(815301076,1909f56bfc062723c751e8b465ee728b)
Start importing Assets/Scenes/GameScene.unity using Guid(2cda990e2423bbf4892e6590ba056729) Importer(815301076,1909f56bfc062723c751e8b465ee728b)  -> (artifact id: '12aff6f42589a6b997949e8c26602c30') in 0.011351 seconds 
  Import took 0.047830 seconds .

========================================================================
Received Import Request.
  Time since last request: 86.449394 seconds.
  path: Assets/Scenes/Level2.unity
  artifactKey: Guid(670599e7cf7bc8843be99bf375002aaf) Importer(815301076,1909f56bfc062723c751e8b465ee728b)
Start importing Assets/Scenes/Level2.unity using Guid(670599e7cf7bc8843be99bf375002aaf) Importer(815301076,1909f56bfc062723c751e8b465ee728b)  -> (artifact id: '5b32494009a4507b9e2e3599a8c332a7') in 0.002839 seconds 
  Import took 0.046092 seconds .

========================================================================
Received Import Request.
  Time since last request: 1.932648 seconds.
  path: Assets/Scenes/GameScene.unity
  artifactKey: Guid(2cda990e2423bbf4892e6590ba056729) Importer(815301076,1909f56bfc062723c751e8b465ee728b)
Start importing Assets/Scenes/GameScene.unity using Guid(2cda990e2423bbf4892e6590ba056729) Importer(815301076,1909f56bfc062723c751e8b465ee728b)  -> (artifact id: '4ef83fb0270ba1532f0b71fa2b7a86cc') in 0.003737 seconds 
  Import took 0.035070 seconds .

========================================================================
Received Prepare
Registering precompiled user dll's ...
Registered in 0.003667 seconds.
Begin MonoManager ReloadAssembly
Native extension for WindowsStandalone target not found
Refreshing native plugins compatible for Editor in 0.86 ms, found 3 plugins.
Preloading 0 native plugins for Editor in 0.00 ms.
Mono: successfully reloaded assembly
- Completed reload, in  1.437 seconds
Platform modules already initialized, skipping
Shader 'Universal Render Pipeline/Particles/Lit': fallback shader 'Universal Render Pipeline/Particles/SimpleLit' not found
Refreshing native plugins compatible for Editor in 0.70 ms, found 3 plugins.
Preloading 0 native plugins for Editor in 0.00 ms.
Unloading 3150 Unused Serialized files (Serialized files now loaded: 0)
System memory in use before: 139.9 MB.
System memory in use after: 140.1 MB.

Unloading 18 unused Assets to reduce memory usage. Loaded Objects now: 3764.
Total: 3.188200 ms (FindLiveObjects: 0.337400 ms CreateObjectMapping: 0.155700 ms MarkObjects: 2.632300 ms  DeleteObjects: 0.061900 ms)

AssetImportParameters requested are different than current active one (requested -> active):
  custom:framework-win-MediaFoundation: 216162199b28c13a410421893ffa2e32 -> 
  custom:video-decoder-ogg-theora: a1e56fd34408186e4bbccfd4996cb3dc -> 
  custom:container-muxer-webm: aa71ff27fc2769a1b78a27578f13a17b -> 
  custom:container-demuxer-webm: 4f35f7cbe854078d1ac9338744f61a02 -> 
  custom:container-demuxer-ogg: 62fdf1f143b41e24485cea50d1cbac27 -> 
  custom:video-encoder-webm-vp8: eb34c28f22e8b96e1ab97ce403110664 -> 
  custom:video-decoder-webm-vp8: 9c59270c3fd7afecdb556c50c9e8de78 -> 
  custom:audio-decoder-ogg-vorbis: bf7c407c2cedff20999df2af8eb42d56 -> 
  custom:audio-encoder-webm-vorbis: bf7c407c2cedff20999df2af8eb42d56 -> 
========================================================================
Received Prepare
Registering precompiled user dll's ...
Registered in 0.003202 seconds.
Begin MonoManager ReloadAssembly
Native extension for WindowsStandalone target not found
Refreshing native plugins compatible for Editor in 0.84 ms, found 3 plugins.
Preloading 0 native plugins for Editor in 0.00 ms.
Mono: successfully reloaded assembly
- Completed reload, in  1.251 seconds
Platform modules already initialized, skipping
Shader 'Universal Render Pipeline/Particles/Lit': fallback shader 'Universal Render Pipeline/Particles/SimpleLit' not found
Refreshing native plugins compatible for Editor in 0.67 ms, found 3 plugins.
Preloading 0 native plugins for Editor in 0.00 ms.
Unloading 3150 Unused Serialized files (Serialized files now loaded: 0)
System memory in use before: 139.9 MB.
System memory in use after: 140.2 MB.

Unloading 18 unused Assets to reduce memory usage. Loaded Objects now: 3767.
Total: 3.184800 ms (FindLiveObjects: 0.334700 ms CreateObjectMapping: 0.144900 ms MarkObjects: 2.681000 ms  DeleteObjects: 0.023200 ms)

AssetImportParameters requested are different than current active one (requested -> active):
  custom:framework-win-MediaFoundation: 216162199b28c13a410421893ffa2e32 -> 
  custom:video-decoder-ogg-theora: a1e56fd34408186e4bbccfd4996cb3dc -> 
  custom:container-muxer-webm: aa71ff27fc2769a1b78a27578f13a17b -> 
  custom:container-demuxer-webm: 4f35f7cbe854078d1ac9338744f61a02 -> 
  custom:container-demuxer-ogg: 62fdf1f143b41e24485cea50d1cbac27 -> 
  custom:video-encoder-webm-vp8: eb34c28f22e8b96e1ab97ce403110664 -> 
  custom:video-decoder-webm-vp8: 9c59270c3fd7afecdb556c50c9e8de78 -> 
  custom:audio-decoder-ogg-vorbis: bf7c407c2cedff20999df2af8eb42d56 -> 
  custom:audio-encoder-webm-vorbis: bf7c407c2cedff20999df2af8eb42d56 -> 
========================================================================
Received Import Request.
  Time since last request: 113.991926 seconds.
  path: Assets/Scenes/Level3.unity
  artifactKey: Guid(366041d55341f2a458b63ad109f37cca) Importer(815301076,1909f56bfc062723c751e8b465ee728b)
Start importing Assets/Scenes/Level3.unity using Guid(366041d55341f2a458b63ad109f37cca) Importer(815301076,1909f56bfc062723c751e8b465ee728b)  -> (artifact id: 'b243bbd35b35f0d95a58b7d97738954b') in 0.150260 seconds 
  Import took 0.226417 seconds .

AssetImportWorkerClient::OnTransportError - code=2 error=End of file
