Using pre-set license
Built from '2020.3/release' branch; Version is '2020.3.12f1 (b3b2c6512326) revision 11776710'; Using compiler version '192528614'; Build Type 'Release'
OS: 'Windows 10 Home Single Language; OS build 22000.318; Version 2009; 64bit' Language: 'en' Physical Memory: 8070 MB
BatchMode: 1, IsHumanControllingUs: 0, StartBugReporterOnCrash: 0, Is64bit: 1, IsPro: 0

 COMMAND LINE ARGUMENTS:
C:\Program Files\Unity\Hub\Editor\2020.3.12f1\Editor\Unity.exe
-adb2
-batchMode
-noUpm
-name
AssetImportWorker0
-projectPath
E:/Project/coba/Icip-Martabak
-logFile
Logs/AssetImportWorker0.log
-srvPort
56886
Successfully changed project path to: E:/Project/coba/Icip-Martabak
E:/Project/coba/Icip-Martabak
Using Asset Import Pipeline V2.
Refreshing native plugins compatible for Editor in 75.39 ms, found 3 plugins.
Preloading 0 native plugins for Editor in 0.00 ms.
Initialize engine version: 2020.3.12f1 (b3b2c6512326)
[Subsystems] Discovering subsystems at path C:/Program Files/Unity/Hub/Editor/2020.3.12f1/Editor/Data/Resources/UnitySubsystems
[Subsystems] Discovering subsystems at path E:/Project/coba/Icip-Martabak/Assets
GfxDevice: creating device client; threaded=0
Direct3D:
    Version:  Direct3D 11.0 [level 11.1]
    Renderer: NVIDIA GeForce GTX 1050 (ID=0x1c8d)
    Vendor:   
    VRAM:     4021 MB
    Driver:   30.0.14.7212
Shader 'Universal Render Pipeline/Particles/Lit': fallback shader 'Universal Render Pipeline/Particles/SimpleLit' not found
Initialize mono
Mono path[0] = 'C:/Program Files/Unity/Hub/Editor/2020.3.12f1/Editor/Data/Managed'
Mono path[1] = 'C:/Program Files/Unity/Hub/Editor/2020.3.12f1/Editor/Data/MonoBleedingEdge/lib/mono/unityjit'
Mono config path = 'C:/Program Files/Unity/Hub/Editor/2020.3.12f1/Editor/Data/MonoBleedingEdge/etc'
Using monoOptions --debugger-agent=transport=dt_socket,embedding=1,server=y,suspend=n,address=127.0.0.1:56420
Begin MonoManager ReloadAssembly
Registering precompiled unity dll's ...
Register platform support module: C:/Program Files/Unity/Hub/Editor/2020.3.12f1/Editor/Data/PlaybackEngines/WindowsStandaloneSupport/UnityEditor.WindowsStandalone.Extensions.dll
Registered in 0.001955 seconds.
Native extension for WindowsStandalone target not found
Refreshing native plugins compatible for Editor in 70.81 ms, found 3 plugins.
Preloading 0 native plugins for Editor in 0.00 ms.
Mono: successfully reloaded assembly
- Completed reload, in  1.935 seconds
Platform modules already initialized, skipping
Registering precompiled user dll's ...
Registered in 0.003553 seconds.
Begin MonoManager ReloadAssembly
Native extension for WindowsStandalone target not found
Refreshing native plugins compatible for Editor in 72.47 ms, found 3 plugins.
Preloading 0 native plugins for Editor in 0.00 ms.
Mono: successfully reloaded assembly
- Completed reload, in  1.358 seconds
Platform modules already initialized, skipping
========================================================================
Worker process is ready to serve import requests
Shader 'Universal Render Pipeline/Particles/Lit': fallback shader 'Universal Render Pipeline/Particles/SimpleLit' not found
Launched and connected shader compiler UnityShaderCompiler.exe after 0.07 seconds
Refreshing native plugins compatible for Editor in 0.67 ms, found 3 plugins.
Preloading 0 native plugins for Editor in 0.00 ms.
Unloading 3262 Unused Serialized files (Serialized files now loaded: 0)
System memory in use before: 141.9 MB.
System memory in use after: 142.1 MB.

Unloading 29 unused Assets to reduce memory usage. Loaded Objects now: 3704.
Total: 3.085100 ms (FindLiveObjects: 0.304900 ms CreateObjectMapping: 0.172300 ms MarkObjects: 2.527800 ms  DeleteObjects: 0.079000 ms)

AssetImportParameters requested are different than current active one (requested -> active):
  custom:framework-win-MediaFoundation: 216162199b28c13a410421893ffa2e32 -> 
  custom:video-decoder-ogg-theora: a1e56fd34408186e4bbccfd4996cb3dc -> 
  custom:container-muxer-webm: aa71ff27fc2769a1b78a27578f13a17b -> 
  custom:container-demuxer-webm: 4f35f7cbe854078d1ac9338744f61a02 -> 
  custom:container-demuxer-ogg: 62fdf1f143b41e24485cea50d1cbac27 -> 
  custom:video-encoder-webm-vp8: eb34c28f22e8b96e1ab97ce403110664 -> 
  custom:video-decoder-webm-vp8: 9c59270c3fd7afecdb556c50c9e8de78 -> 
  custom:audio-decoder-ogg-vorbis: bf7c407c2cedff20999df2af8eb42d56 -> 
  custom:audio-encoder-webm-vorbis: bf7c407c2cedff20999df2af8eb42d56 -> 
========================================================================
Received Import Request.
  path: Assets/Assets/toping baru/SP Matcha.png
  artifactKey: Guid(2f347bc754048254d84d5add4c6a7058) Importer(815301076,1909f56bfc062723c751e8b465ee728b)
Start importing Assets/Assets/toping baru/SP Matcha.png using Guid(2f347bc754048254d84d5add4c6a7058) Importer(815301076,1909f56bfc062723c751e8b465ee728b)  -> (artifact id: '21391ddce1d4cc1e5d36ec92d0af4790') in 0.308567 seconds 
  Import took 0.398338 seconds .

========================================================================
Received Import Request.
  Time since last request: 0.001043 seconds.
  path: Assets/Assets/toping baru/Spesial.png
  artifactKey: Guid(fb417417792a3164982477f02f2b8d20) Importer(815301076,1909f56bfc062723c751e8b465ee728b)
Start importing Assets/Assets/toping baru/Spesial.png using Guid(fb417417792a3164982477f02f2b8d20) Importer(815301076,1909f56bfc062723c751e8b465ee728b)  -> (artifact id: '0fc1ad2b08ac689afab0911e43b56d16') in 0.078040 seconds 
  Import took 0.123938 seconds .

========================================================================
Received Import Request.
  Time since last request: 0.000323 seconds.
  path: Assets/Assets/toping baru/Sp Stroberi.png
  artifactKey: Guid(e84ac27ad3ae35447be03cb45c9657a6) Importer(815301076,1909f56bfc062723c751e8b465ee728b)
Start importing Assets/Assets/toping baru/Sp Stroberi.png using Guid(e84ac27ad3ae35447be03cb45c9657a6) Importer(815301076,1909f56bfc062723c751e8b465ee728b)  -> (artifact id: '2586ec625e72998876ce6cc4b01b7f0c') in 0.125791 seconds 
  Import took 0.156037 seconds .

========================================================================
Received Import Request.
  Time since last request: 0.000344 seconds.
  path: Assets/Assets/toping baru/Sp jagung.png
  artifactKey: Guid(cd29560c742055c438db9db80c0420fd) Importer(815301076,1909f56bfc062723c751e8b465ee728b)
Start importing Assets/Assets/toping baru/Sp jagung.png using Guid(cd29560c742055c438db9db80c0420fd) Importer(815301076,1909f56bfc062723c751e8b465ee728b)  -> (artifact id: '4c3a03e67a6507bf8d7cfafbb6c0dfa1') in 0.020413 seconds 
  Import took 0.046908 seconds .

========================================================================
Received Import Request.
  Time since last request: 0.000291 seconds.
  path: Assets/Assets/toping baru/Sp Chacha.png
  artifactKey: Guid(319e3e331dbc2834ba748c438f88d769) Importer(815301076,1909f56bfc062723c751e8b465ee728b)
Start importing Assets/Assets/toping baru/Sp Chacha.png using Guid(319e3e331dbc2834ba748c438f88d769) Importer(815301076,1909f56bfc062723c751e8b465ee728b)  -> (artifact id: '2a43c6e0ba4b7710e808364ea80eb8e7') in 0.022055 seconds 
  Import took 0.044892 seconds .

========================================================================
Received Import Request.
  Time since last request: 39.406290 seconds.
  path: Assets/Assets/asset lagi/Sweet Corn 1.png
  artifactKey: Guid(8d69973df1d191b4da5e521c3fb86fd3) Importer(815301076,1909f56bfc062723c751e8b465ee728b)
Start importing Assets/Assets/asset lagi/Sweet Corn 1.png using Guid(8d69973df1d191b4da5e521c3fb86fd3) Importer(815301076,1909f56bfc062723c751e8b465ee728b)  -> (artifact id: 'ab0550ae39b8579923d29081e8d1cb07') in 0.106822 seconds 
  Import took 0.149055 seconds .

========================================================================
Received Import Request.
  Time since last request: 12.344899 seconds.
  path: Assets/Assets/toping baru/TB
  artifactKey: Guid(e7b632afb4b3b78489ec0e0240178121) Importer(815301076,1909f56bfc062723c751e8b465ee728b)
Start importing Assets/Assets/toping baru/TB using Guid(e7b632afb4b3b78489ec0e0240178121) Importer(815301076,1909f56bfc062723c751e8b465ee728b)  -> (artifact id: '29c79ee58b106a67654e1ae53892f291') in 0.010047 seconds 
  Import took 0.017615 seconds .

========================================================================
Received Import Request.
  Time since last request: 181.393150 seconds.
  path: Assets/170-1705552_sewer-lid-clipart.png
  artifactKey: Guid(97577407db16e0b43975c046a0a3b0c4) Importer(815301076,1909f56bfc062723c751e8b465ee728b)
Start importing Assets/170-1705552_sewer-lid-clipart.png using Guid(97577407db16e0b43975c046a0a3b0c4) Importer(815301076,1909f56bfc062723c751e8b465ee728b)  -> (artifact id: '7c27020cd147ba4e0528d5da5ee3b7be') in 0.110452 seconds 
  Import took 0.168884 seconds .

========================================================================
Received Import Request.
  Time since last request: 19.309104 seconds.
  path: Assets/Sounds/SFX/video 2.mp4
  artifactKey: Guid(1cbe8713c0afefa4fa3845e3649c9eb9) Importer(815301076,1909f56bfc062723c751e8b465ee728b)
Start importing Assets/Sounds/SFX/video 2.mp4 using Guid(1cbe8713c0afefa4fa3845e3649c9eb9) Importer(815301076,1909f56bfc062723c751e8b465ee728b)  -> (artifact id: '91f5185bfd08fe062337dbde0e6541ef') in 0.091482 seconds 
  Import took 0.149988 seconds .

========================================================================
Received Import Request.
  Time since last request: 0.000321 seconds.
  path: Assets/Sounds/SFX/video 3.mp4
  artifactKey: Guid(2f8bc2d7c13166843b6e95ca56d22e60) Importer(815301076,1909f56bfc062723c751e8b465ee728b)
Start importing Assets/Sounds/SFX/video 3.mp4 using Guid(2f8bc2d7c13166843b6e95ca56d22e60) Importer(815301076,1909f56bfc062723c751e8b465ee728b)  -> (artifact id: '6a7de1b3b6587505420083fb9db571ed') in 0.037654 seconds 
  Import took 0.043451 seconds .

========================================================================
Received Import Request.
  Time since last request: 0.000266 seconds.
  path: Assets/Sounds/SFX/video 2.mp4
  artifactKey: Guid(1cbe8713c0afefa4fa3845e3649c9eb9) Importer(815301076,1909f56bfc062723c751e8b465ee728b)
Start importing Assets/Sounds/SFX/video 2.mp4 using Guid(1cbe8713c0afefa4fa3845e3649c9eb9) Importer(815301076,1909f56bfc062723c751e8b465ee728b)  -> (artifact id: '91f5185bfd08fe062337dbde0e6541ef') in 0.003122 seconds 
  Import took 0.025718 seconds .

========================================================================
Received Import Request.
  Time since last request: 0.556742 seconds.
  path: Assets/Sounds/SFX/sfx baru/adonan dimasak.mp3
  artifactKey: Guid(81ff95f0dc2954347a3b9668a02d572d) Importer(815301076,1909f56bfc062723c751e8b465ee728b)
Start importing Assets/Sounds/SFX/sfx baru/adonan dimasak.mp3 using Guid(81ff95f0dc2954347a3b9668a02d572d) Importer(815301076,1909f56bfc062723c751e8b465ee728b)  -> (artifact id: 'adefc01872287eb99798ee85344b8667') in 0.068446 seconds 
  Import took 0.090801 seconds .

========================================================================
Received Import Request.
  Time since last request: 0.000339 seconds.
  path: Assets/Sounds/SFX/sfx baru/adonan matang.mp3
  artifactKey: Guid(b85cf1fd76fba9c45803f79e3ccae7fc) Importer(815301076,1909f56bfc062723c751e8b465ee728b)
Start importing Assets/Sounds/SFX/sfx baru/adonan matang.mp3 using Guid(b85cf1fd76fba9c45803f79e3ccae7fc) Importer(815301076,1909f56bfc062723c751e8b465ee728b)  -> (artifact id: '2437cd6aa5dd07a85d77afd21c6b6dbb') in 0.037707 seconds 
  Import took 0.052338 seconds .

========================================================================
Received Import Request.
  Time since last request: 0.000365 seconds.
  path: Assets/Sounds/SFX/sfx baru/martabak koga iya geh.mp3
  artifactKey: Guid(a10f7532835bdc7409dba1c443ce02ca) Importer(815301076,1909f56bfc062723c751e8b465ee728b)
Start importing Assets/Sounds/SFX/sfx baru/martabak koga iya geh.mp3 using Guid(a10f7532835bdc7409dba1c443ce02ca) Importer(815301076,1909f56bfc062723c751e8b465ee728b)  -> (artifact id: 'f1d637fd0fb8b1b63930e7a4f170f029') in 0.046979 seconds 
  Import took 0.109660 seconds .

========================================================================
Received Import Request.
  Time since last request: 0.000280 seconds.
  path: Assets/Sounds/SFX/sfx baru/dapat koin 2.mp3
  artifactKey: Guid(3ed7e17154e97344a927d97b8a46e999) Importer(815301076,1909f56bfc062723c751e8b465ee728b)
Start importing Assets/Sounds/SFX/sfx baru/dapat koin 2.mp3 using Guid(3ed7e17154e97344a927d97b8a46e999) Importer(815301076,1909f56bfc062723c751e8b465ee728b)  -> (artifact id: 'f60d5df15e3930a5c4d0755d68bd72bd') in 0.029328 seconds 
  Import took 0.053694 seconds .

========================================================================
Received Import Request.
  Time since last request: 0.000298 seconds.
  path: Assets/Sounds/SFX/sfx baru/adonan dimasak2.mp3
  artifactKey: Guid(4659fafa6a012f847a759404b74029c0) Importer(815301076,1909f56bfc062723c751e8b465ee728b)
Start importing Assets/Sounds/SFX/sfx baru/adonan dimasak2.mp3 using Guid(4659fafa6a012f847a759404b74029c0) Importer(815301076,1909f56bfc062723c751e8b465ee728b)  -> (artifact id: '7c9f1639cbd21c026be78d56ea5e091d') in 0.051716 seconds 
  Import took 0.057981 seconds .

========================================================================
Received Import Request.
  Time since last request: 0.000331 seconds.
  path: Assets/Sounds/SFX/sfx baru/martabak tempat sampah.mp3
  artifactKey: Guid(949269976e2905f40a86f8ec45db1e00) Importer(815301076,1909f56bfc062723c751e8b465ee728b)
Start importing Assets/Sounds/SFX/sfx baru/martabak tempat sampah.mp3 using Guid(949269976e2905f40a86f8ec45db1e00) Importer(815301076,1909f56bfc062723c751e8b465ee728b)  -> (artifact id: '4215e1801cb62cf8417a5f07d99fb73c') in 0.045742 seconds 
  Import took 0.088551 seconds .

AssetImportWorkerClient::OnTransportError - code=2 error=End of file
